0 info it worked if it ends with ok
1 verbose cli [ '/usr/local/opt/nvm/v0.10.36/bin/node',
1 verbose cli   '/usr/local/opt/nvm/v0.10.36/bin/npm',
1 verbose cli   'install',
1 verbose cli   'eshint' ]
2 info using npm@1.4.28
3 info using node@v0.10.36
4 verbose node symlink /usr/local/opt/nvm/v0.10.36/bin/node
5 verbose readDependencies using package.json deps
6 verbose cache add [ 'eshint', null ]
7 verbose cache add name=undefined spec="eshint" args=["eshint",null]
8 verbose parsed url { protocol: null,
8 verbose parsed url   slashes: null,
8 verbose parsed url   auth: null,
8 verbose parsed url   host: null,
8 verbose parsed url   port: null,
8 verbose parsed url   hostname: null,
8 verbose parsed url   hash: null,
8 verbose parsed url   search: null,
8 verbose parsed url   query: null,
8 verbose parsed url   pathname: 'eshint',
8 verbose parsed url   path: 'eshint',
8 verbose parsed url   href: 'eshint' }
9 silly lockFile 204c1135-eshint eshint
10 verbose lock eshint /Users/ianks/.npm/204c1135-eshint.lock
11 silly lockFile 204c1135-eshint eshint
12 silly lockFile 204c1135-eshint eshint
13 verbose addNamed [ 'eshint', '' ]
14 verbose addNamed [ null, '*' ]
15 silly lockFile 5ac12e7a-eshint eshint@
16 verbose lock eshint@ /Users/ianks/.npm/5ac12e7a-eshint.lock
17 silly addNameRange { name: 'eshint', range: '*', hasData: false }
18 verbose request where is /eshint
19 verbose request registry https://registry.npmjs.org/
20 verbose request id c4318758d28dae79
21 verbose url raw /eshint
22 verbose url resolving [ 'https://registry.npmjs.org/', './eshint' ]
23 verbose url resolved https://registry.npmjs.org/eshint
24 verbose request where is https://registry.npmjs.org/eshint
25 info trying registry request attempt 1 at 13:52:17
26 http GET https://registry.npmjs.org/eshint
27 http 404 https://registry.npmjs.org/eshint
28 verbose headers { date: 'Sat, 21 Feb 2015 20:52:17 GMT',
28 verbose headers   server: 'CouchDB/1.6.1 (Erlang OTP/R14B04)',
28 verbose headers   'content-type': 'application/json',
28 verbose headers   'cache-control': 'max-age=0',
28 verbose headers   'content-length': '52',
28 verbose headers   'accept-ranges': 'bytes',
28 verbose headers   via: '1.1 varnish',
28 verbose headers   age: '0',
28 verbose headers   'x-served-by': 'cache-ord1734-ORD',
28 verbose headers   'x-cache': 'MISS',
28 verbose headers   'x-cache-hits': '0',
28 verbose headers   'x-timer': 'S1424551937.797957,VS0,VE146',
28 verbose headers   'keep-alive': 'timeout=10, max=50',
28 verbose headers   connection: 'Keep-Alive' }
29 silly registry.get cb [ 404,
29 silly registry.get   { date: 'Sat, 21 Feb 2015 20:52:17 GMT',
29 silly registry.get     server: 'CouchDB/1.6.1 (Erlang OTP/R14B04)',
29 silly registry.get     'content-type': 'application/json',
29 silly registry.get     'cache-control': 'max-age=0',
29 silly registry.get     'content-length': '52',
29 silly registry.get     'accept-ranges': 'bytes',
29 silly registry.get     via: '1.1 varnish',
29 silly registry.get     age: '0',
29 silly registry.get     'x-served-by': 'cache-ord1734-ORD',
29 silly registry.get     'x-cache': 'MISS',
29 silly registry.get     'x-cache-hits': '0',
29 silly registry.get     'x-timer': 'S1424551937.797957,VS0,VE146',
29 silly registry.get     'keep-alive': 'timeout=10, max=50',
29 silly registry.get     connection: 'Keep-Alive' } ]
30 silly lockFile 5ac12e7a-eshint eshint@
31 silly lockFile 5ac12e7a-eshint eshint@
32 error 404 404 Not Found: eshint
32 error 404
32 error 404 'eshint' is not in the npm registry.
32 error 404 You should bug the author to publish it
32 error 404 It was specified as a dependency of 'HackCU'
32 error 404
32 error 404 Note that you can also install from a
32 error 404 tarball, folder, or http url, or git url.
33 error System Darwin 14.1.0
34 error command "/usr/local/opt/nvm/v0.10.36/bin/node" "/usr/local/opt/nvm/v0.10.36/bin/npm" "install" "eshint"
35 error cwd /Users/ianks/Dropbox/Development/projects/HackCU
36 error node -v v0.10.36
37 error npm -v 1.4.28
38 error code E404
39 verbose exit [ 1, true ]
